[debug] [2023-08-23T18:02:17.081Z] ----------------------------------------------------------------------
[debug] [2023-08-23T18:02:17.083Z] Command:       /Users/orefash/.nvm/versions/node/v18.12.1/bin/node /Users/orefash/.nvm/versions/node/v18.12.1/bin/firebase deploy --only functions
[debug] [2023-08-23T18:02:17.083Z] CLI Version:   12.4.3
[debug] [2023-08-23T18:02:17.083Z] Platform:      darwin
[debug] [2023-08-23T18:02:17.084Z] Node Version:  v18.12.1
[debug] [2023-08-23T18:02:17.088Z] Time:          Wed Aug 23 2023 19:02:17 GMT+0100 (West Africa Standard Time)
[debug] [2023-08-23T18:02:17.089Z] ----------------------------------------------------------------------
[debug] 
[debug] [2023-08-23T18:02:17.160Z] > command requires scopes: ["email","openid","https://www.googleapis.com/auth/cloudplatformprojects.readonly","https://www.googleapis.com/auth/firebase","https://www.googleapis.com/auth/cloud-platform"]
[debug] [2023-08-23T18:02:17.160Z] > authorizing via signed-in user (kingfash5@gmail.com)
[debug] [2023-08-23T18:02:17.161Z] [iam] checking project prime-allianz-app for permissions ["cloudfunctions.functions.create","cloudfunctions.functions.delete","cloudfunctions.functions.get","cloudfunctions.functions.list","cloudfunctions.functions.update","cloudfunctions.operations.get","firebase.projects.get"]
[debug] [2023-08-23T18:02:17.163Z] >>> [apiv2][query] POST https://cloudresourcemanager.googleapis.com/v1/projects/prime-allianz-app:testIamPermissions [none]
[debug] [2023-08-23T18:02:17.164Z] >>> [apiv2][(partial)header] POST https://cloudresourcemanager.googleapis.com/v1/projects/prime-allianz-app:testIamPermissions x-goog-quota-user=projects/prime-allianz-app
[debug] [2023-08-23T18:02:17.165Z] >>> [apiv2][body] POST https://cloudresourcemanager.googleapis.com/v1/projects/prime-allianz-app:testIamPermissions {"permissions":["cloudfunctions.functions.create","cloudfunctions.functions.delete","cloudfunctions.functions.get","cloudfunctions.functions.list","cloudfunctions.functions.update","cloudfunctions.operations.get","firebase.projects.get"]}
[debug] [2023-08-23T18:02:18.451Z] <<< [apiv2][status] POST https://cloudresourcemanager.googleapis.com/v1/projects/prime-allianz-app:testIamPermissions 200
[debug] [2023-08-23T18:02:18.451Z] <<< [apiv2][body] POST https://cloudresourcemanager.googleapis.com/v1/projects/prime-allianz-app:testIamPermissions {"permissions":["cloudfunctions.functions.create","cloudfunctions.functions.delete","cloudfunctions.functions.get","cloudfunctions.functions.list","cloudfunctions.functions.update","cloudfunctions.operations.get","firebase.projects.get"]}
[debug] [2023-08-23T18:02:18.452Z] >>> [apiv2][query] POST https://iam.googleapis.com/v1/projects/prime-allianz-app/serviceAccounts/prime-allianz-app@appspot.gserviceaccount.com:testIamPermissions [none]
[debug] [2023-08-23T18:02:18.452Z] >>> [apiv2][body] POST https://iam.googleapis.com/v1/projects/prime-allianz-app/serviceAccounts/prime-allianz-app@appspot.gserviceaccount.com:testIamPermissions {"permissions":["iam.serviceAccounts.actAs"]}
[debug] [2023-08-23T18:02:19.821Z] <<< [apiv2][status] POST https://iam.googleapis.com/v1/projects/prime-allianz-app/serviceAccounts/prime-allianz-app@appspot.gserviceaccount.com:testIamPermissions 200
[debug] [2023-08-23T18:02:19.821Z] <<< [apiv2][body] POST https://iam.googleapis.com/v1/projects/prime-allianz-app/serviceAccounts/prime-allianz-app@appspot.gserviceaccount.com:testIamPermissions {"permissions":["iam.serviceAccounts.actAs"]}
[info] 
[info] === Deploying to 'prime-allianz-app'...
[info] 
[info] i  deploying functions 
[info] ✔  functions: Finished running predeploy script. 
[debug] [2023-08-23T18:02:19.829Z] >>> [apiv2][query] GET https://firebase.googleapis.com/v1beta1/projects/prime-allianz-app [none]
[debug] [2023-08-23T18:02:20.534Z] <<< [apiv2][status] GET https://firebase.googleapis.com/v1beta1/projects/prime-allianz-app 200
[debug] [2023-08-23T18:02:20.534Z] <<< [apiv2][body] GET https://firebase.googleapis.com/v1beta1/projects/prime-allianz-app {"projectId":"prime-allianz-app","projectNumber":"438151678311","displayName":"prime-allianz-app","name":"projects/prime-allianz-app","resources":{"hostingSite":"prime-allianz-app"},"state":"ACTIVE","etag":"1_4526ac25-7027-49ec-afd8-d9a969dce86c"}
[info] i  functions: preparing codebase default for deployment 
[info] i  functions: ensuring required API cloudfunctions.googleapis.com is enabled... 
[info] i  functions: ensuring required API cloudbuild.googleapis.com is enabled... 
[info] i  artifactregistry: ensuring required API artifactregistry.googleapis.com is enabled... 
[debug] [2023-08-23T18:02:20.539Z] >>> [apiv2][query] GET https://serviceusage.googleapis.com/v1/projects/prime-allianz-app/services/cloudfunctions.googleapis.com [none]
[debug] [2023-08-23T18:02:20.539Z] >>> [apiv2][(partial)header] GET https://serviceusage.googleapis.com/v1/projects/prime-allianz-app/services/cloudfunctions.googleapis.com x-goog-quota-user=projects/prime-allianz-app
[debug] [2023-08-23T18:02:20.540Z] >>> [apiv2][query] GET https://serviceusage.googleapis.com/v1/projects/prime-allianz-app/services/runtimeconfig.googleapis.com [none]
[debug] [2023-08-23T18:02:20.540Z] >>> [apiv2][(partial)header] GET https://serviceusage.googleapis.com/v1/projects/prime-allianz-app/services/runtimeconfig.googleapis.com x-goog-quota-user=projects/prime-allianz-app
[debug] [2023-08-23T18:02:20.541Z] >>> [apiv2][query] GET https://serviceusage.googleapis.com/v1/projects/prime-allianz-app/services/cloudbuild.googleapis.com [none]
[debug] [2023-08-23T18:02:20.541Z] >>> [apiv2][(partial)header] GET https://serviceusage.googleapis.com/v1/projects/prime-allianz-app/services/cloudbuild.googleapis.com x-goog-quota-user=projects/prime-allianz-app
[debug] [2023-08-23T18:02:20.542Z] >>> [apiv2][query] GET https://serviceusage.googleapis.com/v1/projects/prime-allianz-app/services/artifactregistry.googleapis.com [none]
[debug] [2023-08-23T18:02:20.542Z] >>> [apiv2][(partial)header] GET https://serviceusage.googleapis.com/v1/projects/prime-allianz-app/services/artifactregistry.googleapis.com x-goog-quota-user=projects/prime-allianz-app
[debug] [2023-08-23T18:02:22.168Z] <<< [apiv2][status] GET https://serviceusage.googleapis.com/v1/projects/prime-allianz-app/services/cloudfunctions.googleapis.com 200
[debug] [2023-08-23T18:02:22.168Z] <<< [apiv2][body] GET https://serviceusage.googleapis.com/v1/projects/prime-allianz-app/services/cloudfunctions.googleapis.com [omitted]
[info] ✔  functions: required API cloudfunctions.googleapis.com is enabled 
[debug] [2023-08-23T18:02:22.169Z] <<< [apiv2][status] GET https://serviceusage.googleapis.com/v1/projects/prime-allianz-app/services/cloudbuild.googleapis.com 200
[debug] [2023-08-23T18:02:22.169Z] <<< [apiv2][body] GET https://serviceusage.googleapis.com/v1/projects/prime-allianz-app/services/cloudbuild.googleapis.com [omitted]
[info] ✔  functions: required API cloudbuild.googleapis.com is enabled 
[debug] [2023-08-23T18:02:22.172Z] <<< [apiv2][status] GET https://serviceusage.googleapis.com/v1/projects/prime-allianz-app/services/runtimeconfig.googleapis.com 200
[debug] [2023-08-23T18:02:22.172Z] <<< [apiv2][body] GET https://serviceusage.googleapis.com/v1/projects/prime-allianz-app/services/runtimeconfig.googleapis.com [omitted]
[debug] [2023-08-23T18:02:22.172Z] <<< [apiv2][status] GET https://serviceusage.googleapis.com/v1/projects/prime-allianz-app/services/artifactregistry.googleapis.com 200
[debug] [2023-08-23T18:02:22.172Z] <<< [apiv2][body] GET https://serviceusage.googleapis.com/v1/projects/prime-allianz-app/services/artifactregistry.googleapis.com [omitted]
[info] ✔  artifactregistry: required API artifactregistry.googleapis.com is enabled 
[debug] [2023-08-23T18:02:22.174Z] >>> [apiv2][query] GET https://firebase.googleapis.com/v1beta1/projects/prime-allianz-app/adminSdkConfig [none]
[debug] [2023-08-23T18:02:22.651Z] <<< [apiv2][status] GET https://firebase.googleapis.com/v1beta1/projects/prime-allianz-app/adminSdkConfig 200
[debug] [2023-08-23T18:02:22.652Z] <<< [apiv2][body] GET https://firebase.googleapis.com/v1beta1/projects/prime-allianz-app/adminSdkConfig {"projectId":"prime-allianz-app","storageBucket":"prime-allianz-app.appspot.com"}
[debug] [2023-08-23T18:02:22.653Z] >>> [apiv2][query] GET https://runtimeconfig.googleapis.com/v1beta1/projects/prime-allianz-app/configs [none]
[debug] [2023-08-23T18:02:23.316Z] <<< [apiv2][status] GET https://runtimeconfig.googleapis.com/v1beta1/projects/prime-allianz-app/configs 200
[debug] [2023-08-23T18:02:23.320Z] <<< [apiv2][body] GET https://runtimeconfig.googleapis.com/v1beta1/projects/prime-allianz-app/configs {}
[debug] [2023-08-23T18:02:23.326Z] Validating nodejs source
[debug] [2023-08-23T18:02:24.793Z] > [functions] package.json contents: {
  "name": "functions",
  "description": "Cloud Functions for Firebase",
  "scripts": {
    "lint": "eslint .",
    "serve": "firebase emulators:start --only functions",
    "shell": "firebase functions:shell",
    "start": "npm run shell",
    "deploy": "firebase deploy --only functions",
    "logs": "firebase functions:log"
  },
  "engines": {
    "node": "18"
  },
  "main": "index.js",
  "dependencies": {
    "axios": "^1.4.0",
    "body-parser": "^1.20.2",
    "cors": "^2.8.5",
    "express": "^4.18.2",
    "firebase-admin": "^11.8.0",
    "firebase-functions": "^4.3.1",
    "ioredis": "^5.3.2"
  },
  "devDependencies": {
    "eslint": "^8.15.0",
    "eslint-config-google": "^0.14.0",
    "firebase-functions-test": "^3.1.0"
  },
  "private": true
}
[debug] [2023-08-23T18:02:24.794Z] Building nodejs source
[info] i  functions: Loading and anaylzing source code for codebase default to determine what to deploy 
[debug] [2023-08-23T18:02:24.795Z] Could not find functions.yaml. Must use http discovery
[debug] [2023-08-23T18:02:24.803Z] Found firebase-functions binary at '/Users/orefash/Documents/prime-pay/allianz/functions/node_modules/.bin/firebase-functions'
[info] Serving at port 8022

[debug] [2023-08-23T18:02:25.286Z] Got response from /__/functions.yaml {"endpoints":{"app":{"platform":"gcfv1","availableMemoryMb":null,"timeoutSeconds":null,"minInstances":null,"maxInstances":null,"ingressSettings":null,"serviceAccountEmail":null,"vpc":null,"httpsTrigger":{},"entryPoint":"app"}},"specVersion":"v1alpha1","requiredAPIs":[]}
[info] shutdown requested via /__/quitquitquit

[info] i  functions: Loaded environment variables from .env. 
[info] i  functions: preparing functions directory for uploading... 
[info] i  functions: packaged /Users/orefash/Documents/prime-pay/allianz/functions (150.38 KB) for uploading 
[debug] [2023-08-23T18:02:25.401Z] >>> [apiv2][query] GET https://cloudfunctions.googleapis.com/v1/projects/prime-allianz-app/locations/-/functions [none]
[debug] [2023-08-23T18:02:26.338Z] <<< [apiv2][status] GET https://cloudfunctions.googleapis.com/v1/projects/prime-allianz-app/locations/-/functions 200
[debug] [2023-08-23T18:02:26.339Z] <<< [apiv2][body] GET https://cloudfunctions.googleapis.com/v1/projects/prime-allianz-app/locations/-/functions {"functions":[{"name":"projects/prime-allianz-app/locations/us-central1/functions/app","httpsTrigger":{"url":"https://us-central1-prime-allianz-app.cloudfunctions.net/app","securityLevel":"SECURE_ALWAYS"},"status":"ACTIVE","entryPoint":"app","timeout":"60s","availableMemoryMb":256,"serviceAccountEmail":"prime-allianz-app@appspot.gserviceaccount.com","updateTime":"2023-08-23T17:53:35.464Z","versionId":"31","labels":{"deployment-tool":"cli-firebase","firebase-functions-hash":"3a7cbeb4247c27187180408253427ae3a95e6c9c"},"sourceUploadUrl":"https://storage.googleapis.com/uploads-913530351160.us-central1.cloudfunctions.appspot.com/cbd1f97f-9077-43ff-8ff9-87e29b1aede2.zip","environmentVariables":{"TEST_VAL":"23","REDIS_HOST":"prime-redis-app.bots.prime-pay.africa","REDIS_PASSWORD":"@prime456","REDIS_PORT":"6379","ALLIANZ_BASE_URL":"https://app-web.allianz.com/thirdpartyonlinetestv2","ALLIANZ_TEST_TOKEN":"CySHHevyoGVho6M0j53sPPCcJFFa_17fJUTd119jjcGoYOwOi_CFZWvTZSTbJH85tAd3q8dWJA5uv5LWq0MGOlGZhcBgxho9hq62AotrSBedREilD_xgOO3GciXi81YQLaP1Na57VrDrn9CJqV5vf2EOu7S_S8lIvBEHLcEpJPfHViqJkDx1iAlm6PWkdgTnHTWZkeESSTdPgBbT4qb0mNKTqHMpM7xe8Pt8mE47zd12V2BfiVeSRkb1ohaZzTn1y8Iiy4oo9cJK7ibwQi9pSfT-AdbA0EaFYd4NO_HGPiwg42epjkkVZnGQJsfO5Ct9v9WcEzt9Kpsl1jHGP_jgjymKcOc-3OhPNu8gb8v-aloVE-Q3uaewu4Zw30zu8cv0ipMbygFMLMcXBW2u5sW50MbMI4a2m1Rc-CHswAjJgnPQoA1Q0Oo8TsJRWlUnQrLE2MMVNdR6zj0agq8DWzek-ZnesE9_qsHECq5EckoWhaZpQybo3GTr0ct9oloBhx-L","FIREBASE_CONFIG":"{\"projectId\":\"prime-allianz-app\",\"storageBucket\":\"prime-allianz-app.appspot.com\"}","GCLOUD_PROJECT":"prime-allianz-app","EVENTARC_CLOUD_EVENT_SOURCE":"projects/prime-allianz-app/locations/us-central1/functions/app"},"runtime":"nodejs18","ingressSettings":"ALLOW_ALL","buildId":"763c4644-a7b8-45d2-96c5-c2741470d44c","buildEnvironmentVariables":{"GOOGLE_NODE_RUN_SCRIPTS":""},"buildName":"projects/438151678311/locations/us-central1/builds/763c4644-a7b8-45d2-96c5-c2741470d44c","dockerRegistry":"ARTIFACT_REGISTRY"}]}
[debug] [2023-08-23T18:02:26.342Z] >>> [apiv2][query] GET https://cloudfunctions.googleapis.com/v2/projects/prime-allianz-app/locations/-/functions filter=environment%3D%22GEN_2%22
[debug] [2023-08-23T18:02:27.650Z] <<< [apiv2][status] GET https://cloudfunctions.googleapis.com/v2/projects/prime-allianz-app/locations/-/functions 200
[debug] [2023-08-23T18:02:27.650Z] <<< [apiv2][body] GET https://cloudfunctions.googleapis.com/v2/projects/prime-allianz-app/locations/-/functions {}
[debug] [2023-08-23T18:02:27.659Z] >>> [apiv2][query] GET https://firebase.googleapis.com/v1beta1/projects/prime-allianz-app [none]
[debug] [2023-08-23T18:02:28.155Z] <<< [apiv2][status] GET https://firebase.googleapis.com/v1beta1/projects/prime-allianz-app 200
[debug] [2023-08-23T18:02:28.155Z] <<< [apiv2][body] GET https://firebase.googleapis.com/v1beta1/projects/prime-allianz-app {"projectId":"prime-allianz-app","projectNumber":"438151678311","displayName":"prime-allianz-app","name":"projects/prime-allianz-app","resources":{"hostingSite":"prime-allianz-app"},"state":"ACTIVE","etag":"1_4526ac25-7027-49ec-afd8-d9a969dce86c"}
[debug] [2023-08-23T18:02:28.158Z] >>> [apiv2][query] POST https://cloudfunctions.googleapis.com/v1/projects/prime-allianz-app/locations/us-central1/functions:generateUploadUrl [none]
[debug] [2023-08-23T18:02:28.158Z] >>> [apiv2][body] POST https://cloudfunctions.googleapis.com/v1/projects/prime-allianz-app/locations/us-central1/functions:generateUploadUrl {}
[debug] [2023-08-23T18:02:28.874Z] <<< [apiv2][status] POST https://cloudfunctions.googleapis.com/v1/projects/prime-allianz-app/locations/us-central1/functions:generateUploadUrl 200
[debug] [2023-08-23T18:02:28.874Z] <<< [apiv2][body] POST https://cloudfunctions.googleapis.com/v1/projects/prime-allianz-app/locations/us-central1/functions:generateUploadUrl {"uploadUrl":"https://storage.googleapis.com/uploads-913530351160.us-central1.cloudfunctions.appspot.com/d91ec087-b0cb-4269-91a5-c563844a13f7.zip?GoogleAccessId=service-438151678311@gcf-admin-robot.iam.gserviceaccount.com&Expires=1692815549&Signature=dmxuJ1pkAwN9VUqFoKpx6MWhWFTuR4V0NLG9VFXXZmY0BzJ%2ByMIuGgJQ%2BFLbhgcEXMkTqhtXG4HMaIbg49gsinyj92CugnSeVCeENnjlavgkXon4jmmOvmBPQ0L2vZT8lYYlmu19kCQu9GrlqhS76LSyHJKq0xVlXbpZfE1ulGJKSx%2FwxFJo4d6Xbna7HvH%2F0LrZD4Pp5z7OBjCcccPVniXmFwpTV%2BuyHoRjet3%2Fby%2BdNjN3uI4s58ph5dK2RB%2BUqEyhZODRbW%2B1F9rqPGYJO2p0pryvcdfP9C2Pkp98LpvqX5IRzaNgmyCvncqMcd0ANTMrB5QL1zs8WFd5b5efCg%3D%3D"}
[debug] [2023-08-23T18:02:28.876Z] >>> [apiv2][query] PUT https://storage.googleapis.com/uploads-913530351160.us-central1.cloudfunctions.appspot.com/d91ec087-b0cb-4269-91a5-c563844a13f7.zip GoogleAccessId=service-438151678311%40gcf-admin-robot.iam.gserviceaccount.com&Expires=1692815549&Signature=dmxuJ1pkAwN9VUqFoKpx6MWhWFTuR4V0NLG9VFXXZmY0BzJ%2ByMIuGgJQ%2BFLbhgcEXMkTqhtXG4HMaIbg49gsinyj92CugnSeVCeENnjlavgkXon4jmmOvmBPQ0L2vZT8lYYlmu19kCQu9GrlqhS76LSyHJKq0xVlXbpZfE1ulGJKSx%2FwxFJo4d6Xbna7HvH%2F0LrZD4Pp5z7OBjCcccPVniXmFwpTV%2BuyHoRjet3%2Fby%2BdNjN3uI4s58ph5dK2RB%2BUqEyhZODRbW%2B1F9rqPGYJO2p0pryvcdfP9C2Pkp98LpvqX5IRzaNgmyCvncqMcd0ANTMrB5QL1zs8WFd5b5efCg%3D%3D
[debug] [2023-08-23T18:02:28.876Z] >>> [apiv2][body] PUT https://storage.googleapis.com/uploads-913530351160.us-central1.cloudfunctions.appspot.com/d91ec087-b0cb-4269-91a5-c563844a13f7.zip [stream]
[debug] [2023-08-23T18:02:29.942Z] <<< [apiv2][status] PUT https://storage.googleapis.com/uploads-913530351160.us-central1.cloudfunctions.appspot.com/d91ec087-b0cb-4269-91a5-c563844a13f7.zip 200
[debug] [2023-08-23T18:02:29.942Z] <<< [apiv2][body] PUT https://storage.googleapis.com/uploads-913530351160.us-central1.cloudfunctions.appspot.com/d91ec087-b0cb-4269-91a5-c563844a13f7.zip [omitted]
[info] ✔  functions: functions folder uploaded successfully 
[info] i  functions: updating Node.js 18 (1st Gen) function app(us-central1)... 
[debug] [2023-08-23T18:02:29.951Z] >>> [apiv2][query] PATCH https://cloudfunctions.googleapis.com/v1/projects/prime-allianz-app/locations/us-central1/functions/app updateMask=name%2CsourceUploadUrl%2CentryPoint%2Cruntime%2CdockerRegistry%2Clabels%2ChttpsTrigger.securityLevel%2CminInstances%2CmaxInstances%2CingressSettings%2CenvironmentVariables%2CserviceAccountEmail%2CavailableMemoryMb%2Ctimeout%2CvpcConnector%2CvpcConnectorEgressSettings%2CsourceToken%2CbuildEnvironmentVariables
[debug] [2023-08-23T18:02:29.951Z] >>> [apiv2][body] PATCH https://cloudfunctions.googleapis.com/v1/projects/prime-allianz-app/locations/us-central1/functions/app {"name":"projects/prime-allianz-app/locations/us-central1/functions/app","sourceUploadUrl":"https://storage.googleapis.com/uploads-913530351160.us-central1.cloudfunctions.appspot.com/d91ec087-b0cb-4269-91a5-c563844a13f7.zip?GoogleAccessId=service-438151678311@gcf-admin-robot.iam.gserviceaccount.com&Expires=1692815549&Signature=dmxuJ1pkAwN9VUqFoKpx6MWhWFTuR4V0NLG9VFXXZmY0BzJ%2ByMIuGgJQ%2BFLbhgcEXMkTqhtXG4HMaIbg49gsinyj92CugnSeVCeENnjlavgkXon4jmmOvmBPQ0L2vZT8lYYlmu19kCQu9GrlqhS76LSyHJKq0xVlXbpZfE1ulGJKSx%2FwxFJo4d6Xbna7HvH%2F0LrZD4Pp5z7OBjCcccPVniXmFwpTV%2BuyHoRjet3%2Fby%2BdNjN3uI4s58ph5dK2RB%2BUqEyhZODRbW%2B1F9rqPGYJO2p0pryvcdfP9C2Pkp98LpvqX5IRzaNgmyCvncqMcd0ANTMrB5QL1zs8WFd5b5efCg%3D%3D","entryPoint":"app","runtime":"nodejs18","dockerRegistry":"ARTIFACT_REGISTRY","labels":{"deployment-tool":"cli-firebase","firebase-functions-hash":"ee7662645ea2d40aeff8b892eee26f420e78387f"},"httpsTrigger":{"securityLevel":"SECURE_ALWAYS"},"minInstances":null,"maxInstances":null,"ingressSettings":null,"environmentVariables":{"TEST_VAL":"23","REDIS_HOST":"prime-redis-app.bots.prime-pay.africa","REDIS_PASSWORD":"@prime456","REDIS_PORT":"6379","ALLIANZ_BASE_URL":"https://app-web.allianz.com/thirdpartyonlinetestv2","ALLIANZ_TEST_TOKEN":"CySHHevyoGVho6M0j53sPPCcJFFa_17fJUTd119jjcGoYOwOi_CFZWvTZSTbJH85tAd3q8dWJA5uv5LWq0MGOlGZhcBgxho9hq62AotrSBedREilD_xgOO3GciXi81YQLaP1Na57VrDrn9CJqV5vf2EOu7S_S8lIvBEHLcEpJPfHViqJkDx1iAlm6PWkdgTnHTWZkeESSTdPgBbT4qb0mNKTqHMpM7xe8Pt8mE47zd12V2BfiVeSRkb1ohaZzTn1y8Iiy4oo9cJK7ibwQi9pSfT-AdbA0EaFYd4NO_HGPiwg42epjkkVZnGQJsfO5Ct9v9WcEzt9Kpsl1jHGP_jgjymKcOc-3OhPNu8gb8v-aloVE-Q3uaewu4Zw30zu8cv0ipMbygFMLMcXBW2u5sW50MbMI4a2m1Rc-CHswAjJgnPQoA1Q0Oo8TsJRWlUnQrLE2MMVNdR6zj0agq8DWzek-ZnesE9_qsHECq5EckoWhaZpQybo3GTr0ct9oloBhx-L","FIREBASE_CONFIG":"{\"projectId\":\"prime-allianz-app\",\"storageBucket\":\"prime-allianz-app.appspot.com\"}","GCLOUD_PROJECT":"prime-allianz-app","EVENTARC_CLOUD_EVENT_SOURCE":"projects/prime-allianz-app/locations/us-central1/functions/app"},"serviceAccountEmail":null,"availableMemoryMb":null,"timeout":null,"vpcConnector":null,"vpcConnectorEgressSettings":null,"buildEnvironmentVariables":{"GOOGLE_NODE_RUN_SCRIPTS":""}}
[debug] [2023-08-23T18:02:30.693Z] <<< [apiv2][status] PATCH https://cloudfunctions.googleapis.com/v1/projects/prime-allianz-app/locations/us-central1/functions/app 200
[debug] [2023-08-23T18:02:30.695Z] <<< [apiv2][body] PATCH https://cloudfunctions.googleapis.com/v1/projects/prime-allianz-app/locations/us-central1/functions/app {"name":"operations/cHJpbWUtYWxsaWFuei1hcHAvdXMtY2VudHJhbDEvYXBwL3NOMU9mbHhrNmN3","metadata":{"@type":"type.googleapis.com/google.cloud.functions.v1.OperationMetadataV1","target":"projects/prime-allianz-app/locations/us-central1/functions/app","type":"UPDATE_FUNCTION","request":{"@type":"type.googleapis.com/google.cloud.functions.v1.CloudFunction","name":"projects/prime-allianz-app/locations/us-central1/functions/app","httpsTrigger":{"url":"https://us-central1-prime-allianz-app.cloudfunctions.net/app","securityLevel":"SECURE_ALWAYS"},"status":"ACTIVE","entryPoint":"app","updateTime":"2023-08-23T17:53:35.464Z","versionId":"31","labels":{"deployment-tool":"cli-firebase","firebase-functions-hash":"ee7662645ea2d40aeff8b892eee26f420e78387f"},"sourceUploadUrl":"https://storage.googleapis.com/uploads-913530351160.us-central1.cloudfunctions.appspot.com/d91ec087-b0cb-4269-91a5-c563844a13f7.zip?GoogleAccessId=service-438151678311@gcf-admin-robot.iam.gserviceaccount.com&Expires=1692815549&Signature=dmxuJ1pkAwN9VUqFoKpx6MWhWFTuR4V0NLG9VFXXZmY0BzJ%2ByMIuGgJQ%2BFLbhgcEXMkTqhtXG4HMaIbg49gsinyj92CugnSeVCeENnjlavgkXon4jmmOvmBPQ0L2vZT8lYYlmu19kCQu9GrlqhS76LSyHJKq0xVlXbpZfE1ulGJKSx%2FwxFJo4d6Xbna7HvH%2F0LrZD4Pp5z7OBjCcccPVniXmFwpTV%2BuyHoRjet3%2Fby%2BdNjN3uI4s58ph5dK2RB%2BUqEyhZODRbW%2B1F9rqPGYJO2p0pryvcdfP9C2Pkp98LpvqX5IRzaNgmyCvncqMcd0ANTMrB5QL1zs8WFd5b5efCg%3D%3D","environmentVariables":{"TEST_VAL":"23","REDIS_HOST":"prime-redis-app.bots.prime-pay.africa","REDIS_PASSWORD":"@prime456","REDIS_PORT":"6379","ALLIANZ_BASE_URL":"https://app-web.allianz.com/thirdpartyonlinetestv2","ALLIANZ_TEST_TOKEN":"CySHHevyoGVho6M0j53sPPCcJFFa_17fJUTd119jjcGoYOwOi_CFZWvTZSTbJH85tAd3q8dWJA5uv5LWq0MGOlGZhcBgxho9hq62AotrSBedREilD_xgOO3GciXi81YQLaP1Na57VrDrn9CJqV5vf2EOu7S_S8lIvBEHLcEpJPfHViqJkDx1iAlm6PWkdgTnHTWZkeESSTdPgBbT4qb0mNKTqHMpM7xe8Pt8mE47zd12V2BfiVeSRkb1ohaZzTn1y8Iiy4oo9cJK7ibwQi9pSfT-AdbA0EaFYd4NO_HGPiwg42epjkkVZnGQJsfO5Ct9v9WcEzt9Kpsl1jHGP_jgjymKcOc-3OhPNu8gb8v-aloVE-Q3uaewu4Zw30zu8cv0ipMbygFMLMcXBW2u5sW50MbMI4a2m1Rc-CHswAjJgnPQoA1Q0Oo8TsJRWlUnQrLE2MMVNdR6zj0agq8DWzek-ZnesE9_qsHECq5EckoWhaZpQybo3GTr0ct9oloBhx-L","FIREBASE_CONFIG":"{\"projectId\":\"prime-allianz-app\",\"storageBucket\":\"prime-allianz-app.appspot.com\"}","GCLOUD_PROJECT":"prime-allianz-app","EVENTARC_CLOUD_EVENT_SOURCE":"projects/prime-allianz-app/locations/us-central1/functions/app"},"runtime":"nodejs18","buildId":"763c4644-a7b8-45d2-96c5-c2741470d44c","buildEnvironmentVariables":{"GOOGLE_NODE_RUN_SCRIPTS":""},"buildName":"projects/438151678311/locations/us-central1/builds/763c4644-a7b8-45d2-96c5-c2741470d44c","dockerRegistry":"ARTIFACT_REGISTRY"},"versionId":"32","updateTime":"2023-08-23T18:02:30Z"}}
[debug] [2023-08-23T18:02:30.699Z] >>> [apiv2][query] GET https://cloudfunctions.googleapis.com/v1/operations/cHJpbWUtYWxsaWFuei1hcHAvdXMtY2VudHJhbDEvYXBwL3NOMU9mbHhrNmN3 [none]
[debug] [2023-08-23T18:02:31.175Z] <<< [apiv2][status] GET https://cloudfunctions.googleapis.com/v1/operations/cHJpbWUtYWxsaWFuei1hcHAvdXMtY2VudHJhbDEvYXBwL3NOMU9mbHhrNmN3 200
[debug] [2023-08-23T18:02:31.176Z] <<< [apiv2][body] GET https://cloudfunctions.googleapis.com/v1/operations/cHJpbWUtYWxsaWFuei1hcHAvdXMtY2VudHJhbDEvYXBwL3NOMU9mbHhrNmN3 {"name":"operations/cHJpbWUtYWxsaWFuei1hcHAvdXMtY2VudHJhbDEvYXBwL3NOMU9mbHhrNmN3","metadata":{"@type":"type.googleapis.com/google.cloud.functions.v1.OperationMetadataV1","target":"projects/prime-allianz-app/locations/us-central1/functions/app","type":"UPDATE_FUNCTION","request":{"@type":"type.googleapis.com/google.cloud.functions.v1.CloudFunction","name":"projects/prime-allianz-app/locations/us-central1/functions/app","httpsTrigger":{"url":"https://us-central1-prime-allianz-app.cloudfunctions.net/app","securityLevel":"SECURE_ALWAYS"},"status":"ACTIVE","entryPoint":"app","updateTime":"2023-08-23T17:53:35.464Z","versionId":"31","labels":{"deployment-tool":"cli-firebase","firebase-functions-hash":"ee7662645ea2d40aeff8b892eee26f420e78387f"},"sourceUploadUrl":"https://storage.googleapis.com/uploads-913530351160.us-central1.cloudfunctions.appspot.com/d91ec087-b0cb-4269-91a5-c563844a13f7.zip?GoogleAccessId=service-438151678311@gcf-admin-robot.iam.gserviceaccount.com&Expires=1692815549&Signature=dmxuJ1pkAwN9VUqFoKpx6MWhWFTuR4V0NLG9VFXXZmY0BzJ%2ByMIuGgJQ%2BFLbhgcEXMkTqhtXG4HMaIbg49gsinyj92CugnSeVCeENnjlavgkXon4jmmOvmBPQ0L2vZT8lYYlmu19kCQu9GrlqhS76LSyHJKq0xVlXbpZfE1ulGJKSx%2FwxFJo4d6Xbna7HvH%2F0LrZD4Pp5z7OBjCcccPVniXmFwpTV%2BuyHoRjet3%2Fby%2BdNjN3uI4s58ph5dK2RB%2BUqEyhZODRbW%2B1F9rqPGYJO2p0pryvcdfP9C2Pkp98LpvqX5IRzaNgmyCvncqMcd0ANTMrB5QL1zs8WFd5b5efCg%3D%3D","environmentVariables":{"TEST_VAL":"23","REDIS_HOST":"prime-redis-app.bots.prime-pay.africa","REDIS_PASSWORD":"@prime456","REDIS_PORT":"6379","ALLIANZ_BASE_URL":"https://app-web.allianz.com/thirdpartyonlinetestv2","ALLIANZ_TEST_TOKEN":"CySHHevyoGVho6M0j53sPPCcJFFa_17fJUTd119jjcGoYOwOi_CFZWvTZSTbJH85tAd3q8dWJA5uv5LWq0MGOlGZhcBgxho9hq62AotrSBedREilD_xgOO3GciXi81YQLaP1Na57VrDrn9CJqV5vf2EOu7S_S8lIvBEHLcEpJPfHViqJkDx1iAlm6PWkdgTnHTWZkeESSTdPgBbT4qb0mNKTqHMpM7xe8Pt8mE47zd12V2BfiVeSRkb1ohaZzTn1y8Iiy4oo9cJK7ibwQi9pSfT-AdbA0EaFYd4NO_HGPiwg42epjkkVZnGQJsfO5Ct9v9WcEzt9Kpsl1jHGP_jgjymKcOc-3OhPNu8gb8v-aloVE-Q3uaewu4Zw30zu8cv0ipMbygFMLMcXBW2u5sW50MbMI4a2m1Rc-CHswAjJgnPQoA1Q0Oo8TsJRWlUnQrLE2MMVNdR6zj0agq8DWzek-ZnesE9_qsHECq5EckoWhaZpQybo3GTr0ct9oloBhx-L","FIREBASE_CONFIG":"{\"projectId\":\"prime-allianz-app\",\"storageBucket\":\"prime-allianz-app.appspot.com\"}","GCLOUD_PROJECT":"prime-allianz-app","EVENTARC_CLOUD_EVENT_SOURCE":"projects/prime-allianz-app/locations/us-central1/functions/app"},"runtime":"nodejs18","buildId":"763c4644-a7b8-45d2-96c5-c2741470d44c","buildEnvironmentVariables":{"GOOGLE_NODE_RUN_SCRIPTS":""},"buildName":"projects/438151678311/locations/us-central1/builds/763c4644-a7b8-45d2-96c5-c2741470d44c","dockerRegistry":"ARTIFACT_REGISTRY"},"versionId":"32","updateTime":"2023-08-23T18:02:31Z"}}
[debug] [2023-08-23T18:02:31.677Z] [update-default-us-central1-app] Retrying task index 0
[debug] [2023-08-23T18:02:31.678Z] >>> [apiv2][query] GET https://cloudfunctions.googleapis.com/v1/operations/cHJpbWUtYWxsaWFuei1hcHAvdXMtY2VudHJhbDEvYXBwL3NOMU9mbHhrNmN3 [none]
[debug] [2023-08-23T18:02:32.137Z] <<< [apiv2][status] GET https://cloudfunctions.googleapis.com/v1/operations/cHJpbWUtYWxsaWFuei1hcHAvdXMtY2VudHJhbDEvYXBwL3NOMU9mbHhrNmN3 200
[debug] [2023-08-23T18:02:32.137Z] <<< [apiv2][body] GET https://cloudfunctions.googleapis.com/v1/operations/cHJpbWUtYWxsaWFuei1hcHAvdXMtY2VudHJhbDEvYXBwL3NOMU9mbHhrNmN3 {"name":"operations/cHJpbWUtYWxsaWFuei1hcHAvdXMtY2VudHJhbDEvYXBwL3NOMU9mbHhrNmN3","metadata":{"@type":"type.googleapis.com/google.cloud.functions.v1.OperationMetadataV1","target":"projects/prime-allianz-app/locations/us-central1/functions/app","type":"UPDATE_FUNCTION","request":{"@type":"type.googleapis.com/google.cloud.functions.v1.CloudFunction","name":"projects/prime-allianz-app/locations/us-central1/functions/app","httpsTrigger":{"url":"https://us-central1-prime-allianz-app.cloudfunctions.net/app","securityLevel":"SECURE_ALWAYS"},"status":"ACTIVE","entryPoint":"app","updateTime":"2023-08-23T17:53:35.464Z","versionId":"31","labels":{"deployment-tool":"cli-firebase","firebase-functions-hash":"ee7662645ea2d40aeff8b892eee26f420e78387f"},"sourceUploadUrl":"https://storage.googleapis.com/uploads-913530351160.us-central1.cloudfunctions.appspot.com/d91ec087-b0cb-4269-91a5-c563844a13f7.zip?GoogleAccessId=service-438151678311@gcf-admin-robot.iam.gserviceaccount.com&Expires=1692815549&Signature=dmxuJ1pkAwN9VUqFoKpx6MWhWFTuR4V0NLG9VFXXZmY0BzJ%2ByMIuGgJQ%2BFLbhgcEXMkTqhtXG4HMaIbg49gsinyj92CugnSeVCeENnjlavgkXon4jmmOvmBPQ0L2vZT8lYYlmu19kCQu9GrlqhS76LSyHJKq0xVlXbpZfE1ulGJKSx%2FwxFJo4d6Xbna7HvH%2F0LrZD4Pp5z7OBjCcccPVniXmFwpTV%2BuyHoRjet3%2Fby%2BdNjN3uI4s58ph5dK2RB%2BUqEyhZODRbW%2B1F9rqPGYJO2p0pryvcdfP9C2Pkp98LpvqX5IRzaNgmyCvncqMcd0ANTMrB5QL1zs8WFd5b5efCg%3D%3D","environmentVariables":{"TEST_VAL":"23","REDIS_HOST":"prime-redis-app.bots.prime-pay.africa","REDIS_PASSWORD":"@prime456","REDIS_PORT":"6379","ALLIANZ_BASE_URL":"https://app-web.allianz.com/thirdpartyonlinetestv2","ALLIANZ_TEST_TOKEN":"CySHHevyoGVho6M0j53sPPCcJFFa_17fJUTd119jjcGoYOwOi_CFZWvTZSTbJH85tAd3q8dWJA5uv5LWq0MGOlGZhcBgxho9hq62AotrSBedREilD_xgOO3GciXi81YQLaP1Na57VrDrn9CJqV5vf2EOu7S_S8lIvBEHLcEpJPfHViqJkDx1iAlm6PWkdgTnHTWZkeESSTdPgBbT4qb0mNKTqHMpM7xe8Pt8mE47zd12V2BfiVeSRkb1ohaZzTn1y8Iiy4oo9cJK7ibwQi9pSfT-AdbA0EaFYd4NO_HGPiwg42epjkkVZnGQJsfO5Ct9v9WcEzt9Kpsl1jHGP_jgjymKcOc-3OhPNu8gb8v-aloVE-Q3uaewu4Zw30zu8cv0ipMbygFMLMcXBW2u5sW50MbMI4a2m1Rc-CHswAjJgnPQoA1Q0Oo8TsJRWlUnQrLE2MMVNdR6zj0agq8DWzek-ZnesE9_qsHECq5EckoWhaZpQybo3GTr0ct9oloBhx-L","FIREBASE_CONFIG":"{\"projectId\":\"prime-allianz-app\",\"storageBucket\":\"prime-allianz-app.appspot.com\"}","GCLOUD_PROJECT":"prime-allianz-app","EVENTARC_CLOUD_EVENT_SOURCE":"projects/prime-allianz-app/locations/us-central1/functions/app"},"runtime":"nodejs18","buildId":"763c4644-a7b8-45d2-96c5-c2741470d44c","buildEnvironmentVariables":{"GOOGLE_NODE_RUN_SCRIPTS":""},"buildName":"projects/438151678311/locations/us-central1/builds/763c4644-a7b8-45d2-96c5-c2741470d44c","dockerRegistry":"ARTIFACT_REGISTRY"},"versionId":"32","updateTime":"2023-08-23T18:02:31Z","buildId":"5424bb32-c43f-4953-adcd-59530c05795d","buildName":"projects/438151678311/locations/us-central1/builds/5424bb32-c43f-4953-adcd-59530c05795d"}}
[debug] [2023-08-23T18:02:33.138Z] [update-default-us-central1-app] Retrying task index 0
[debug] [2023-08-23T18:02:33.139Z] >>> [apiv2][query] GET https://cloudfunctions.googleapis.com/v1/operations/cHJpbWUtYWxsaWFuei1hcHAvdXMtY2VudHJhbDEvYXBwL3NOMU9mbHhrNmN3 [none]
[debug] [2023-08-23T18:02:33.605Z] <<< [apiv2][status] GET https://cloudfunctions.googleapis.com/v1/operations/cHJpbWUtYWxsaWFuei1hcHAvdXMtY2VudHJhbDEvYXBwL3NOMU9mbHhrNmN3 200
[debug] [2023-08-23T18:02:33.605Z] <<< [apiv2][body] GET https://cloudfunctions.googleapis.com/v1/operations/cHJpbWUtYWxsaWFuei1hcHAvdXMtY2VudHJhbDEvYXBwL3NOMU9mbHhrNmN3 {"name":"operations/cHJpbWUtYWxsaWFuei1hcHAvdXMtY2VudHJhbDEvYXBwL3NOMU9mbHhrNmN3","metadata":{"@type":"type.googleapis.com/google.cloud.functions.v1.OperationMetadataV1","target":"projects/prime-allianz-app/locations/us-central1/functions/app","type":"UPDATE_FUNCTION","request":{"@type":"type.googleapis.com/google.cloud.functions.v1.CloudFunction","name":"projects/prime-allianz-app/locations/us-central1/functions/app","httpsTrigger":{"url":"https://us-central1-prime-allianz-app.cloudfunctions.net/app","securityLevel":"SECURE_ALWAYS"},"status":"ACTIVE","entryPoint":"app","updateTime":"2023-08-23T17:53:35.464Z","versionId":"31","labels":{"deployment-tool":"cli-firebase","firebase-functions-hash":"ee7662645ea2d40aeff8b892eee26f420e78387f"},"sourceUploadUrl":"https://storage.googleapis.com/uploads-913530351160.us-central1.cloudfunctions.appspot.com/d91ec087-b0cb-4269-91a5-c563844a13f7.zip?GoogleAccessId=service-438151678311@gcf-admin-robot.iam.gserviceaccount.com&Expires=1692815549&Signature=dmxuJ1pkAwN9VUqFoKpx6MWhWFTuR4V0NLG9VFXXZmY0BzJ%2ByMIuGgJQ%2BFLbhgcEXMkTqhtXG4HMaIbg49gsinyj92CugnSeVCeENnjlavgkXon4jmmOvmBPQ0L2vZT8lYYlmu19kCQu9GrlqhS76LSyHJKq0xVlXbpZfE1ulGJKSx%2FwxFJo4d6Xbna7HvH%2F0LrZD4Pp5z7OBjCcccPVniXmFwpTV%2BuyHoRjet3%2Fby%2BdNjN3uI4s58ph5dK2RB%2BUqEyhZODRbW%2B1F9rqPGYJO2p0pryvcdfP9C2Pkp98LpvqX5IRzaNgmyCvncqMcd0ANTMrB5QL1zs8WFd5b5efCg%3D%3D","environmentVariables":{"TEST_VAL":"23","REDIS_HOST":"prime-redis-app.bots.prime-pay.africa","REDIS_PASSWORD":"@prime456","REDIS_PORT":"6379","ALLIANZ_BASE_URL":"https://app-web.allianz.com/thirdpartyonlinetestv2","ALLIANZ_TEST_TOKEN":"CySHHevyoGVho6M0j53sPPCcJFFa_17fJUTd119jjcGoYOwOi_CFZWvTZSTbJH85tAd3q8dWJA5uv5LWq0MGOlGZhcBgxho9hq62AotrSBedREilD_xgOO3GciXi81YQLaP1Na57VrDrn9CJqV5vf2EOu7S_S8lIvBEHLcEpJPfHViqJkDx1iAlm6PWkdgTnHTWZkeESSTdPgBbT4qb0mNKTqHMpM7xe8Pt8mE47zd12V2BfiVeSRkb1ohaZzTn1y8Iiy4oo9cJK7ibwQi9pSfT-AdbA0EaFYd4NO_HGPiwg42epjkkVZnGQJsfO5Ct9v9WcEzt9Kpsl1jHGP_jgjymKcOc-3OhPNu8gb8v-aloVE-Q3uaewu4Zw30zu8cv0ipMbygFMLMcXBW2u5sW50MbMI4a2m1Rc-CHswAjJgnPQoA1Q0Oo8TsJRWlUnQrLE2MMVNdR6zj0agq8DWzek-ZnesE9_qsHECq5EckoWhaZpQybo3GTr0ct9oloBhx-L","FIREBASE_CONFIG":"{\"projectId\":\"prime-allianz-app\",\"storageBucket\":\"prime-allianz-app.appspot.com\"}","GCLOUD_PROJECT":"prime-allianz-app","EVENTARC_CLOUD_EVENT_SOURCE":"projects/prime-allianz-app/locations/us-central1/functions/app"},"runtime":"nodejs18","buildId":"763c4644-a7b8-45d2-96c5-c2741470d44c","buildEnvironmentVariables":{"GOOGLE_NODE_RUN_SCRIPTS":""},"buildName":"projects/438151678311/locations/us-central1/builds/763c4644-a7b8-45d2-96c5-c2741470d44c","dockerRegistry":"ARTIFACT_REGISTRY"},"versionId":"32","updateTime":"2023-08-23T18:02:31Z","buildId":"5424bb32-c43f-4953-adcd-59530c05795d","buildName":"projects/438151678311/locations/us-central1/builds/5424bb32-c43f-4953-adcd-59530c05795d"}}
[debug] [2023-08-23T18:02:35.606Z] [update-default-us-central1-app] Retrying task index 0
[debug] [2023-08-23T18:02:35.607Z] >>> [apiv2][query] GET https://cloudfunctions.googleapis.com/v1/operations/cHJpbWUtYWxsaWFuei1hcHAvdXMtY2VudHJhbDEvYXBwL3NOMU9mbHhrNmN3 [none]
[debug] [2023-08-23T18:02:36.091Z] <<< [apiv2][status] GET https://cloudfunctions.googleapis.com/v1/operations/cHJpbWUtYWxsaWFuei1hcHAvdXMtY2VudHJhbDEvYXBwL3NOMU9mbHhrNmN3 200
[debug] [2023-08-23T18:02:36.092Z] <<< [apiv2][body] GET https://cloudfunctions.googleapis.com/v1/operations/cHJpbWUtYWxsaWFuei1hcHAvdXMtY2VudHJhbDEvYXBwL3NOMU9mbHhrNmN3 {"name":"operations/cHJpbWUtYWxsaWFuei1hcHAvdXMtY2VudHJhbDEvYXBwL3NOMU9mbHhrNmN3","metadata":{"@type":"type.googleapis.com/google.cloud.functions.v1.OperationMetadataV1","target":"projects/prime-allianz-app/locations/us-central1/functions/app","type":"UPDATE_FUNCTION","request":{"@type":"type.googleapis.com/google.cloud.functions.v1.CloudFunction","name":"projects/prime-allianz-app/locations/us-central1/functions/app","httpsTrigger":{"url":"https://us-central1-prime-allianz-app.cloudfunctions.net/app","securityLevel":"SECURE_ALWAYS"},"status":"ACTIVE","entryPoint":"app","updateTime":"2023-08-23T17:53:35.464Z","versionId":"31","labels":{"deployment-tool":"cli-firebase","firebase-functions-hash":"ee7662645ea2d40aeff8b892eee26f420e78387f"},"sourceUploadUrl":"https://storage.googleapis.com/uploads-913530351160.us-central1.cloudfunctions.appspot.com/d91ec087-b0cb-4269-91a5-c563844a13f7.zip?GoogleAccessId=service-438151678311@gcf-admin-robot.iam.gserviceaccount.com&Expires=1692815549&Signature=dmxuJ1pkAwN9VUqFoKpx6MWhWFTuR4V0NLG9VFXXZmY0BzJ%2ByMIuGgJQ%2BFLbhgcEXMkTqhtXG4HMaIbg49gsinyj92CugnSeVCeENnjlavgkXon4jmmOvmBPQ0L2vZT8lYYlmu19kCQu9GrlqhS76LSyHJKq0xVlXbpZfE1ulGJKSx%2FwxFJo4d6Xbna7HvH%2F0LrZD4Pp5z7OBjCcccPVniXmFwpTV%2BuyHoRjet3%2Fby%2BdNjN3uI4s58ph5dK2RB%2BUqEyhZODRbW%2B1F9rqPGYJO2p0pryvcdfP9C2Pkp98LpvqX5IRzaNgmyCvncqMcd0ANTMrB5QL1zs8WFd5b5efCg%3D%3D","environmentVariables":{"TEST_VAL":"23","REDIS_HOST":"prime-redis-app.bots.prime-pay.africa","REDIS_PASSWORD":"@prime456","REDIS_PORT":"6379","ALLIANZ_BASE_URL":"https://app-web.allianz.com/thirdpartyonlinetestv2","ALLIANZ_TEST_TOKEN":"CySHHevyoGVho6M0j53sPPCcJFFa_17fJUTd119jjcGoYOwOi_CFZWvTZSTbJH85tAd3q8dWJA5uv5LWq0MGOlGZhcBgxho9hq62AotrSBedREilD_xgOO3GciXi81YQLaP1Na57VrDrn9CJqV5vf2EOu7S_S8lIvBEHLcEpJPfHViqJkDx1iAlm6PWkdgTnHTWZkeESSTdPgBbT4qb0mNKTqHMpM7xe8Pt8mE47zd12V2BfiVeSRkb1ohaZzTn1y8Iiy4oo9cJK7ibwQi9pSfT-AdbA0EaFYd4NO_HGPiwg42epjkkVZnGQJsfO5Ct9v9WcEzt9Kpsl1jHGP_jgjymKcOc-3OhPNu8gb8v-aloVE-Q3uaewu4Zw30zu8cv0ipMbygFMLMcXBW2u5sW50MbMI4a2m1Rc-CHswAjJgnPQoA1Q0Oo8TsJRWlUnQrLE2MMVNdR6zj0agq8DWzek-ZnesE9_qsHECq5EckoWhaZpQybo3GTr0ct9oloBhx-L","FIREBASE_CONFIG":"{\"projectId\":\"prime-allianz-app\",\"storageBucket\":\"prime-allianz-app.appspot.com\"}","GCLOUD_PROJECT":"prime-allianz-app","EVENTARC_CLOUD_EVENT_SOURCE":"projects/prime-allianz-app/locations/us-central1/functions/app"},"runtime":"nodejs18","buildId":"763c4644-a7b8-45d2-96c5-c2741470d44c","buildEnvironmentVariables":{"GOOGLE_NODE_RUN_SCRIPTS":""},"buildName":"projects/438151678311/locations/us-central1/builds/763c4644-a7b8-45d2-96c5-c2741470d44c","dockerRegistry":"ARTIFACT_REGISTRY"},"versionId":"32","updateTime":"2023-08-23T18:02:31Z","buildId":"5424bb32-c43f-4953-adcd-59530c05795d","buildName":"projects/438151678311/locations/us-central1/builds/5424bb32-c43f-4953-adcd-59530c05795d"}}
[debug] [2023-08-23T18:02:40.095Z] [update-default-us-central1-app] Retrying task index 0
[debug] [2023-08-23T18:02:40.097Z] >>> [apiv2][query] GET https://cloudfunctions.googleapis.com/v1/operations/cHJpbWUtYWxsaWFuei1hcHAvdXMtY2VudHJhbDEvYXBwL3NOMU9mbHhrNmN3 [none]
[debug] [2023-08-23T18:02:40.583Z] <<< [apiv2][status] GET https://cloudfunctions.googleapis.com/v1/operations/cHJpbWUtYWxsaWFuei1hcHAvdXMtY2VudHJhbDEvYXBwL3NOMU9mbHhrNmN3 200
[debug] [2023-08-23T18:02:40.583Z] <<< [apiv2][body] GET https://cloudfunctions.googleapis.com/v1/operations/cHJpbWUtYWxsaWFuei1hcHAvdXMtY2VudHJhbDEvYXBwL3NOMU9mbHhrNmN3 {"name":"operations/cHJpbWUtYWxsaWFuei1hcHAvdXMtY2VudHJhbDEvYXBwL3NOMU9mbHhrNmN3","metadata":{"@type":"type.googleapis.com/google.cloud.functions.v1.OperationMetadataV1","target":"projects/prime-allianz-app/locations/us-central1/functions/app","type":"UPDATE_FUNCTION","request":{"@type":"type.googleapis.com/google.cloud.functions.v1.CloudFunction","name":"projects/prime-allianz-app/locations/us-central1/functions/app","httpsTrigger":{"url":"https://us-central1-prime-allianz-app.cloudfunctions.net/app","securityLevel":"SECURE_ALWAYS"},"status":"ACTIVE","entryPoint":"app","updateTime":"2023-08-23T17:53:35.464Z","versionId":"31","labels":{"deployment-tool":"cli-firebase","firebase-functions-hash":"ee7662645ea2d40aeff8b892eee26f420e78387f"},"sourceUploadUrl":"https://storage.googleapis.com/uploads-913530351160.us-central1.cloudfunctions.appspot.com/d91ec087-b0cb-4269-91a5-c563844a13f7.zip?GoogleAccessId=service-438151678311@gcf-admin-robot.iam.gserviceaccount.com&Expires=1692815549&Signature=dmxuJ1pkAwN9VUqFoKpx6MWhWFTuR4V0NLG9VFXXZmY0BzJ%2ByMIuGgJQ%2BFLbhgcEXMkTqhtXG4HMaIbg49gsinyj92CugnSeVCeENnjlavgkXon4jmmOvmBPQ0L2vZT8lYYlmu19kCQu9GrlqhS76LSyHJKq0xVlXbpZfE1ulGJKSx%2FwxFJo4d6Xbna7HvH%2F0LrZD4Pp5z7OBjCcccPVniXmFwpTV%2BuyHoRjet3%2Fby%2BdNjN3uI4s58ph5dK2RB%2BUqEyhZODRbW%2B1F9rqPGYJO2p0pryvcdfP9C2Pkp98LpvqX5IRzaNgmyCvncqMcd0ANTMrB5QL1zs8WFd5b5efCg%3D%3D","environmentVariables":{"TEST_VAL":"23","REDIS_HOST":"prime-redis-app.bots.prime-pay.africa","REDIS_PASSWORD":"@prime456","REDIS_PORT":"6379","ALLIANZ_BASE_URL":"https://app-web.allianz.com/thirdpartyonlinetestv2","ALLIANZ_TEST_TOKEN":"CySHHevyoGVho6M0j53sPPCcJFFa_17fJUTd119jjcGoYOwOi_CFZWvTZSTbJH85tAd3q8dWJA5uv5LWq0MGOlGZhcBgxho9hq62AotrSBedREilD_xgOO3GciXi81YQLaP1Na57VrDrn9CJqV5vf2EOu7S_S8lIvBEHLcEpJPfHViqJkDx1iAlm6PWkdgTnHTWZkeESSTdPgBbT4qb0mNKTqHMpM7xe8Pt8mE47zd12V2BfiVeSRkb1ohaZzTn1y8Iiy4oo9cJK7ibwQi9pSfT-AdbA0EaFYd4NO_HGPiwg42epjkkVZnGQJsfO5Ct9v9WcEzt9Kpsl1jHGP_jgjymKcOc-3OhPNu8gb8v-aloVE-Q3uaewu4Zw30zu8cv0ipMbygFMLMcXBW2u5sW50MbMI4a2m1Rc-CHswAjJgnPQoA1Q0Oo8TsJRWlUnQrLE2MMVNdR6zj0agq8DWzek-ZnesE9_qsHECq5EckoWhaZpQybo3GTr0ct9oloBhx-L","FIREBASE_CONFIG":"{\"projectId\":\"prime-allianz-app\",\"storageBucket\":\"prime-allianz-app.appspot.com\"}","GCLOUD_PROJECT":"prime-allianz-app","EVENTARC_CLOUD_EVENT_SOURCE":"projects/prime-allianz-app/locations/us-central1/functions/app"},"runtime":"nodejs18","buildId":"763c4644-a7b8-45d2-96c5-c2741470d44c","buildEnvironmentVariables":{"GOOGLE_NODE_RUN_SCRIPTS":""},"buildName":"projects/438151678311/locations/us-central1/builds/763c4644-a7b8-45d2-96c5-c2741470d44c","dockerRegistry":"ARTIFACT_REGISTRY"},"versionId":"32","updateTime":"2023-08-23T18:02:31Z","buildId":"5424bb32-c43f-4953-adcd-59530c05795d","buildName":"projects/438151678311/locations/us-central1/builds/5424bb32-c43f-4953-adcd-59530c05795d"}}
[debug] [2023-08-23T18:02:48.586Z] [update-default-us-central1-app] Retrying task index 0
[debug] [2023-08-23T18:02:48.598Z] >>> [apiv2][query] GET https://cloudfunctions.googleapis.com/v1/operations/cHJpbWUtYWxsaWFuei1hcHAvdXMtY2VudHJhbDEvYXBwL3NOMU9mbHhrNmN3 [none]
[debug] [2023-08-23T18:02:49.019Z] <<< [apiv2][status] GET https://cloudfunctions.googleapis.com/v1/operations/cHJpbWUtYWxsaWFuei1hcHAvdXMtY2VudHJhbDEvYXBwL3NOMU9mbHhrNmN3 200
[debug] [2023-08-23T18:02:49.020Z] <<< [apiv2][body] GET https://cloudfunctions.googleapis.com/v1/operations/cHJpbWUtYWxsaWFuei1hcHAvdXMtY2VudHJhbDEvYXBwL3NOMU9mbHhrNmN3 {"name":"operations/cHJpbWUtYWxsaWFuei1hcHAvdXMtY2VudHJhbDEvYXBwL3NOMU9mbHhrNmN3","metadata":{"@type":"type.googleapis.com/google.cloud.functions.v1.OperationMetadataV1","target":"projects/prime-allianz-app/locations/us-central1/functions/app","type":"UPDATE_FUNCTION","request":{"@type":"type.googleapis.com/google.cloud.functions.v1.CloudFunction","name":"projects/prime-allianz-app/locations/us-central1/functions/app","httpsTrigger":{"url":"https://us-central1-prime-allianz-app.cloudfunctions.net/app","securityLevel":"SECURE_ALWAYS"},"status":"ACTIVE","entryPoint":"app","updateTime":"2023-08-23T17:53:35.464Z","versionId":"31","labels":{"deployment-tool":"cli-firebase","firebase-functions-hash":"ee7662645ea2d40aeff8b892eee26f420e78387f"},"sourceUploadUrl":"https://storage.googleapis.com/uploads-913530351160.us-central1.cloudfunctions.appspot.com/d91ec087-b0cb-4269-91a5-c563844a13f7.zip?GoogleAccessId=service-438151678311@gcf-admin-robot.iam.gserviceaccount.com&Expires=1692815549&Signature=dmxuJ1pkAwN9VUqFoKpx6MWhWFTuR4V0NLG9VFXXZmY0BzJ%2ByMIuGgJQ%2BFLbhgcEXMkTqhtXG4HMaIbg49gsinyj92CugnSeVCeENnjlavgkXon4jmmOvmBPQ0L2vZT8lYYlmu19kCQu9GrlqhS76LSyHJKq0xVlXbpZfE1ulGJKSx%2FwxFJo4d6Xbna7HvH%2F0LrZD4Pp5z7OBjCcccPVniXmFwpTV%2BuyHoRjet3%2Fby%2BdNjN3uI4s58ph5dK2RB%2BUqEyhZODRbW%2B1F9rqPGYJO2p0pryvcdfP9C2Pkp98LpvqX5IRzaNgmyCvncqMcd0ANTMrB5QL1zs8WFd5b5efCg%3D%3D","environmentVariables":{"TEST_VAL":"23","REDIS_HOST":"prime-redis-app.bots.prime-pay.africa","REDIS_PASSWORD":"@prime456","REDIS_PORT":"6379","ALLIANZ_BASE_URL":"https://app-web.allianz.com/thirdpartyonlinetestv2","ALLIANZ_TEST_TOKEN":"CySHHevyoGVho6M0j53sPPCcJFFa_17fJUTd119jjcGoYOwOi_CFZWvTZSTbJH85tAd3q8dWJA5uv5LWq0MGOlGZhcBgxho9hq62AotrSBedREilD_xgOO3GciXi81YQLaP1Na57VrDrn9CJqV5vf2EOu7S_S8lIvBEHLcEpJPfHViqJkDx1iAlm6PWkdgTnHTWZkeESSTdPgBbT4qb0mNKTqHMpM7xe8Pt8mE47zd12V2BfiVeSRkb1ohaZzTn1y8Iiy4oo9cJK7ibwQi9pSfT-AdbA0EaFYd4NO_HGPiwg42epjkkVZnGQJsfO5Ct9v9WcEzt9Kpsl1jHGP_jgjymKcOc-3OhPNu8gb8v-aloVE-Q3uaewu4Zw30zu8cv0ipMbygFMLMcXBW2u5sW50MbMI4a2m1Rc-CHswAjJgnPQoA1Q0Oo8TsJRWlUnQrLE2MMVNdR6zj0agq8DWzek-ZnesE9_qsHECq5EckoWhaZpQybo3GTr0ct9oloBhx-L","FIREBASE_CONFIG":"{\"projectId\":\"prime-allianz-app\",\"storageBucket\":\"prime-allianz-app.appspot.com\"}","GCLOUD_PROJECT":"prime-allianz-app","EVENTARC_CLOUD_EVENT_SOURCE":"projects/prime-allianz-app/locations/us-central1/functions/app"},"runtime":"nodejs18","buildId":"763c4644-a7b8-45d2-96c5-c2741470d44c","buildEnvironmentVariables":{"GOOGLE_NODE_RUN_SCRIPTS":""},"buildName":"projects/438151678311/locations/us-central1/builds/763c4644-a7b8-45d2-96c5-c2741470d44c","dockerRegistry":"ARTIFACT_REGISTRY"},"versionId":"32","updateTime":"2023-08-23T18:02:31Z","buildId":"5424bb32-c43f-4953-adcd-59530c05795d","buildName":"projects/438151678311/locations/us-central1/builds/5424bb32-c43f-4953-adcd-59530c05795d"}}
[debug] [2023-08-23T18:02:59.022Z] [update-default-us-central1-app] Retrying task index 0
[debug] [2023-08-23T18:02:59.024Z] >>> [apiv2][query] GET https://cloudfunctions.googleapis.com/v1/operations/cHJpbWUtYWxsaWFuei1hcHAvdXMtY2VudHJhbDEvYXBwL3NOMU9mbHhrNmN3 [none]
[debug] [2023-08-23T18:02:59.462Z] <<< [apiv2][status] GET https://cloudfunctions.googleapis.com/v1/operations/cHJpbWUtYWxsaWFuei1hcHAvdXMtY2VudHJhbDEvYXBwL3NOMU9mbHhrNmN3 200
[debug] [2023-08-23T18:02:59.462Z] <<< [apiv2][body] GET https://cloudfunctions.googleapis.com/v1/operations/cHJpbWUtYWxsaWFuei1hcHAvdXMtY2VudHJhbDEvYXBwL3NOMU9mbHhrNmN3 {"name":"operations/cHJpbWUtYWxsaWFuei1hcHAvdXMtY2VudHJhbDEvYXBwL3NOMU9mbHhrNmN3","metadata":{"@type":"type.googleapis.com/google.cloud.functions.v1.OperationMetadataV1","target":"projects/prime-allianz-app/locations/us-central1/functions/app","type":"UPDATE_FUNCTION","request":{"@type":"type.googleapis.com/google.cloud.functions.v1.CloudFunction","name":"projects/prime-allianz-app/locations/us-central1/functions/app","httpsTrigger":{"url":"https://us-central1-prime-allianz-app.cloudfunctions.net/app","securityLevel":"SECURE_ALWAYS"},"status":"ACTIVE","entryPoint":"app","updateTime":"2023-08-23T17:53:35.464Z","versionId":"31","labels":{"deployment-tool":"cli-firebase","firebase-functions-hash":"ee7662645ea2d40aeff8b892eee26f420e78387f"},"sourceUploadUrl":"https://storage.googleapis.com/uploads-913530351160.us-central1.cloudfunctions.appspot.com/d91ec087-b0cb-4269-91a5-c563844a13f7.zip?GoogleAccessId=service-438151678311@gcf-admin-robot.iam.gserviceaccount.com&Expires=1692815549&Signature=dmxuJ1pkAwN9VUqFoKpx6MWhWFTuR4V0NLG9VFXXZmY0BzJ%2ByMIuGgJQ%2BFLbhgcEXMkTqhtXG4HMaIbg49gsinyj92CugnSeVCeENnjlavgkXon4jmmOvmBPQ0L2vZT8lYYlmu19kCQu9GrlqhS76LSyHJKq0xVlXbpZfE1ulGJKSx%2FwxFJo4d6Xbna7HvH%2F0LrZD4Pp5z7OBjCcccPVniXmFwpTV%2BuyHoRjet3%2Fby%2BdNjN3uI4s58ph5dK2RB%2BUqEyhZODRbW%2B1F9rqPGYJO2p0pryvcdfP9C2Pkp98LpvqX5IRzaNgmyCvncqMcd0ANTMrB5QL1zs8WFd5b5efCg%3D%3D","environmentVariables":{"TEST_VAL":"23","REDIS_HOST":"prime-redis-app.bots.prime-pay.africa","REDIS_PASSWORD":"@prime456","REDIS_PORT":"6379","ALLIANZ_BASE_URL":"https://app-web.allianz.com/thirdpartyonlinetestv2","ALLIANZ_TEST_TOKEN":"CySHHevyoGVho6M0j53sPPCcJFFa_17fJUTd119jjcGoYOwOi_CFZWvTZSTbJH85tAd3q8dWJA5uv5LWq0MGOlGZhcBgxho9hq62AotrSBedREilD_xgOO3GciXi81YQLaP1Na57VrDrn9CJqV5vf2EOu7S_S8lIvBEHLcEpJPfHViqJkDx1iAlm6PWkdgTnHTWZkeESSTdPgBbT4qb0mNKTqHMpM7xe8Pt8mE47zd12V2BfiVeSRkb1ohaZzTn1y8Iiy4oo9cJK7ibwQi9pSfT-AdbA0EaFYd4NO_HGPiwg42epjkkVZnGQJsfO5Ct9v9WcEzt9Kpsl1jHGP_jgjymKcOc-3OhPNu8gb8v-aloVE-Q3uaewu4Zw30zu8cv0ipMbygFMLMcXBW2u5sW50MbMI4a2m1Rc-CHswAjJgnPQoA1Q0Oo8TsJRWlUnQrLE2MMVNdR6zj0agq8DWzek-ZnesE9_qsHECq5EckoWhaZpQybo3GTr0ct9oloBhx-L","FIREBASE_CONFIG":"{\"projectId\":\"prime-allianz-app\",\"storageBucket\":\"prime-allianz-app.appspot.com\"}","GCLOUD_PROJECT":"prime-allianz-app","EVENTARC_CLOUD_EVENT_SOURCE":"projects/prime-allianz-app/locations/us-central1/functions/app"},"runtime":"nodejs18","buildId":"763c4644-a7b8-45d2-96c5-c2741470d44c","buildEnvironmentVariables":{"GOOGLE_NODE_RUN_SCRIPTS":""},"buildName":"projects/438151678311/locations/us-central1/builds/763c4644-a7b8-45d2-96c5-c2741470d44c","dockerRegistry":"ARTIFACT_REGISTRY"},"versionId":"32","updateTime":"2023-08-23T18:02:31Z","buildId":"5424bb32-c43f-4953-adcd-59530c05795d","buildName":"projects/438151678311/locations/us-central1/builds/5424bb32-c43f-4953-adcd-59530c05795d"}}
[debug] [2023-08-23T18:03:09.470Z] [update-default-us-central1-app] Retrying task index 0
[debug] [2023-08-23T18:03:09.479Z] >>> [apiv2][query] GET https://cloudfunctions.googleapis.com/v1/operations/cHJpbWUtYWxsaWFuei1hcHAvdXMtY2VudHJhbDEvYXBwL3NOMU9mbHhrNmN3 [none]
[debug] [2023-08-23T18:03:09.898Z] <<< [apiv2][status] GET https://cloudfunctions.googleapis.com/v1/operations/cHJpbWUtYWxsaWFuei1hcHAvdXMtY2VudHJhbDEvYXBwL3NOMU9mbHhrNmN3 200
[debug] [2023-08-23T18:03:09.898Z] <<< [apiv2][body] GET https://cloudfunctions.googleapis.com/v1/operations/cHJpbWUtYWxsaWFuei1hcHAvdXMtY2VudHJhbDEvYXBwL3NOMU9mbHhrNmN3 {"name":"operations/cHJpbWUtYWxsaWFuei1hcHAvdXMtY2VudHJhbDEvYXBwL3NOMU9mbHhrNmN3","metadata":{"@type":"type.googleapis.com/google.cloud.functions.v1.OperationMetadataV1","target":"projects/prime-allianz-app/locations/us-central1/functions/app","type":"UPDATE_FUNCTION","request":{"@type":"type.googleapis.com/google.cloud.functions.v1.CloudFunction","name":"projects/prime-allianz-app/locations/us-central1/functions/app","httpsTrigger":{"url":"https://us-central1-prime-allianz-app.cloudfunctions.net/app","securityLevel":"SECURE_ALWAYS"},"status":"ACTIVE","entryPoint":"app","updateTime":"2023-08-23T17:53:35.464Z","versionId":"31","labels":{"deployment-tool":"cli-firebase","firebase-functions-hash":"ee7662645ea2d40aeff8b892eee26f420e78387f"},"sourceUploadUrl":"https://storage.googleapis.com/uploads-913530351160.us-central1.cloudfunctions.appspot.com/d91ec087-b0cb-4269-91a5-c563844a13f7.zip?GoogleAccessId=service-438151678311@gcf-admin-robot.iam.gserviceaccount.com&Expires=1692815549&Signature=dmxuJ1pkAwN9VUqFoKpx6MWhWFTuR4V0NLG9VFXXZmY0BzJ%2ByMIuGgJQ%2BFLbhgcEXMkTqhtXG4HMaIbg49gsinyj92CugnSeVCeENnjlavgkXon4jmmOvmBPQ0L2vZT8lYYlmu19kCQu9GrlqhS76LSyHJKq0xVlXbpZfE1ulGJKSx%2FwxFJo4d6Xbna7HvH%2F0LrZD4Pp5z7OBjCcccPVniXmFwpTV%2BuyHoRjet3%2Fby%2BdNjN3uI4s58ph5dK2RB%2BUqEyhZODRbW%2B1F9rqPGYJO2p0pryvcdfP9C2Pkp98LpvqX5IRzaNgmyCvncqMcd0ANTMrB5QL1zs8WFd5b5efCg%3D%3D","environmentVariables":{"TEST_VAL":"23","REDIS_HOST":"prime-redis-app.bots.prime-pay.africa","REDIS_PASSWORD":"@prime456","REDIS_PORT":"6379","ALLIANZ_BASE_URL":"https://app-web.allianz.com/thirdpartyonlinetestv2","ALLIANZ_TEST_TOKEN":"CySHHevyoGVho6M0j53sPPCcJFFa_17fJUTd119jjcGoYOwOi_CFZWvTZSTbJH85tAd3q8dWJA5uv5LWq0MGOlGZhcBgxho9hq62AotrSBedREilD_xgOO3GciXi81YQLaP1Na57VrDrn9CJqV5vf2EOu7S_S8lIvBEHLcEpJPfHViqJkDx1iAlm6PWkdgTnHTWZkeESSTdPgBbT4qb0mNKTqHMpM7xe8Pt8mE47zd12V2BfiVeSRkb1ohaZzTn1y8Iiy4oo9cJK7ibwQi9pSfT-AdbA0EaFYd4NO_HGPiwg42epjkkVZnGQJsfO5Ct9v9WcEzt9Kpsl1jHGP_jgjymKcOc-3OhPNu8gb8v-aloVE-Q3uaewu4Zw30zu8cv0ipMbygFMLMcXBW2u5sW50MbMI4a2m1Rc-CHswAjJgnPQoA1Q0Oo8TsJRWlUnQrLE2MMVNdR6zj0agq8DWzek-ZnesE9_qsHECq5EckoWhaZpQybo3GTr0ct9oloBhx-L","FIREBASE_CONFIG":"{\"projectId\":\"prime-allianz-app\",\"storageBucket\":\"prime-allianz-app.appspot.com\"}","GCLOUD_PROJECT":"prime-allianz-app","EVENTARC_CLOUD_EVENT_SOURCE":"projects/prime-allianz-app/locations/us-central1/functions/app"},"runtime":"nodejs18","buildId":"763c4644-a7b8-45d2-96c5-c2741470d44c","buildEnvironmentVariables":{"GOOGLE_NODE_RUN_SCRIPTS":""},"buildName":"projects/438151678311/locations/us-central1/builds/763c4644-a7b8-45d2-96c5-c2741470d44c","dockerRegistry":"ARTIFACT_REGISTRY"},"versionId":"32","updateTime":"2023-08-23T18:02:31Z","buildId":"5424bb32-c43f-4953-adcd-59530c05795d","sourceToken":"e90286b7-e9e5-4ed8-af2b-f1745ccfad3d","buildName":"projects/438151678311/locations/us-central1/builds/5424bb32-c43f-4953-adcd-59530c05795d"}}
[debug] [2023-08-23T18:03:09.898Z] Got source token e90286b7-e9e5-4ed8-af2b-f1745ccfad3d for region us-central1
